Arguments: 
  /usr/local/bin/node /usr/share/yarn/bin/yarn.js server

PATH: 
  /home/jaromir/anaconda3/condabin:/opt/ros/melodic/bin:/home/jaromir/Downloads/google-cloud-sdk-292.0.0-linux-x86_64/google-cloud-sdk/bin:/usr/local/sbin:/usr/local/bin:/usr/sbin:/usr/bin:/sbin:/bin:/usr/games:/usr/local/games:/snap/bin:/usr/lib/jvm/java-11-oracle/bin:/usr/lib/jvm/java-11-oracle/db/bin

Yarn version: 
  1.22.4

Node version: 
  12.16.3

Platform: 
  linux x64

Trace: 
  SyntaxError: /home/jaromir/Documents/PMS/server/package.json: Unexpected token } in JSON at position 96
      at JSON.parse (<anonymous>)
      at /usr/share/yarn/lib/cli.js:1625:59
      at Generator.next (<anonymous>)
      at step (/usr/share/yarn/lib/cli.js:310:30)
      at /usr/share/yarn/lib/cli.js:321:13

npm manifest: 
  {
    "name": "server",
    "version": "1.0.0",
    "scripts": {
      "server": "nodemon server.js",
    },
    "dependencies": {
      "@material-ui/core": "^4.10.2",
      "@material-ui/pickers": "^3.2.10",
      "body-parser": "^1.18.3",
      "express": "^4.16.4",
      "firebase-admin": "^8.12.1",
      "nodemailer": "^6.4.8",
      "react": "^16.13.1",
      "react-dom": "^16.13.1"
    }
  }

yarn manifest: 
  No manifest

Lockfile: 
  No lockfile
